mode: count
github.com/mkuchenbecker/brewery3/brewery/rpi/gpio/controller.go:13.73,15.16 2 4
github.com/mkuchenbecker/brewery3/brewery/rpi/gpio/controller.go:18.2,20.8 3 3
github.com/mkuchenbecker/brewery3/brewery/rpi/gpio/controller.go:25.2,25.12 1 3
github.com/mkuchenbecker/brewery3/brewery/rpi/gpio/controller.go:15.16,17.3 1 1
github.com/mkuchenbecker/brewery3/brewery/rpi/gpio/controller.go:20.8,22.3 1 1
github.com/mkuchenbecker/brewery3/brewery/rpi/gpio/controller.go:22.8,24.3 1 2
github.com/mkuchenbecker/brewery3/brewery/rpi/gpio/controller.go:28.93,31.2 2 1
github.com/mkuchenbecker/brewery3/brewery/rpi/gpio/controller.go:33.45,35.2 1 0
github.com/mkuchenbecker/brewery3/brewery/rpi/gpio/pins.go:11.36,13.2 1 0
github.com/mkuchenbecker/brewery3/brewery/rpi/gpio/pins.go:15.37,17.2 1 0
github.com/mkuchenbecker/brewery3/brewery/rpi/gpio/pins.go:19.52,21.2 1 0
github.com/mkuchenbecker/brewery3/brewery/rpi/gpio/sensors.go:13.64,16.16 3 0
github.com/mkuchenbecker/brewery3/brewery/rpi/gpio/sensors.go:19.2,19.27 1 0
github.com/mkuchenbecker/brewery3/brewery/rpi/gpio/sensors.go:22.2,22.20 1 0
github.com/mkuchenbecker/brewery3/brewery/rpi/gpio/sensors.go:16.16,18.3 1 0
github.com/mkuchenbecker/brewery3/brewery/rpi/gpio/sensors.go:19.27,21.3 1 0
github.com/mkuchenbecker/brewery3/brewery/rpi/gpio/sensors.go:25.86,28.2 2 0
github.com/mkuchenbecker/brewery3/brewery/rpi/gpio/sensors.go:30.109,32.16 2 0
github.com/mkuchenbecker/brewery3/brewery/rpi/gpio/sensors.go:36.2,36.33 1 0
github.com/mkuchenbecker/brewery3/brewery/rpi/gpio/sensors.go:42.2,42.55 1 0
github.com/mkuchenbecker/brewery3/brewery/rpi/gpio/sensors.go:32.16,34.3 1 0
github.com/mkuchenbecker/brewery3/brewery/rpi/gpio/sensors.go:36.33,37.38 1 0
github.com/mkuchenbecker/brewery3/brewery/rpi/gpio/sensors.go:37.38,39.4 1 0
github.com/mkuchenbecker/brewery3/brewery/utils/utils.go:8.49,10.18 2 3
github.com/mkuchenbecker/brewery3/brewery/utils/utils.go:10.18,11.18 1 2
github.com/mkuchenbecker/brewery3/brewery/utils/utils.go:15.3,15.15 1 1
github.com/mkuchenbecker/brewery3/brewery/utils/utils.go:11.18,14.4 2 1
github.com/mkuchenbecker/brewery3/brewery/utils/utils.go:26.42,28.2 1 0
github.com/mkuchenbecker/brewery3/brewery/utils/utils.go:30.22,32.2 1 0
github.com/mkuchenbecker/brewery3/brewery/utils/utils.go:34.49,36.14 2 1
github.com/mkuchenbecker/brewery3/brewery/utils/utils.go:39.2,39.57 1 1
github.com/mkuchenbecker/brewery3/brewery/utils/utils.go:36.14,38.3 1 1
github.com/mkuchenbecker/brewery3/brewery/utils/utils.go:42.42,44.16 2 0
github.com/mkuchenbecker/brewery3/brewery/utils/utils.go:44.16,46.3 1 0
github.com/mkuchenbecker/brewery3/brewery/rpi/sensors/temperature.go:16.105,19.2 2 2
github.com/mkuchenbecker/brewery3/brewery/rpi/element/heater.go:19.70,21.2 1 4
github.com/mkuchenbecker/brewery3/brewery/rpi/element/heater.go:23.97,27.2 3 2
github.com/mkuchenbecker/brewery3/brewery/rpi/element/heater.go:29.100,33.2 3 2
github.com/mkuchenbecker/brewery3/brewery/rpi/brewery.go:32.69,36.2 3 6
github.com/mkuchenbecker/brewery3/brewery/rpi/brewery.go:38.62,42.2 3 6
github.com/mkuchenbecker/brewery3/brewery/rpi/brewery.go:44.46,46.16 2 8
github.com/mkuchenbecker/brewery3/brewery/rpi/brewery.go:49.2,50.16 2 7
github.com/mkuchenbecker/brewery3/brewery/rpi/brewery.go:53.2,54.16 2 6
github.com/mkuchenbecker/brewery3/brewery/rpi/brewery.go:58.2,67.12 8 5
github.com/mkuchenbecker/brewery3/brewery/rpi/brewery.go:46.16,48.3 1 1
github.com/mkuchenbecker/brewery3/brewery/rpi/brewery.go:50.16,52.3 1 1
github.com/mkuchenbecker/brewery3/brewery/rpi/brewery.go:54.16,56.3 1 1
github.com/mkuchenbecker/brewery3/brewery/rpi/brewery.go:70.62,76.16 4 8
github.com/mkuchenbecker/brewery3/brewery/rpi/brewery.go:85.2,104.8 3 5
github.com/mkuchenbecker/brewery3/brewery/rpi/brewery.go:76.16,78.17 2 7
github.com/mkuchenbecker/brewery3/brewery/rpi/brewery.go:78.17,80.4 1 3
github.com/mkuchenbecker/brewery3/brewery/rpi/brewery.go:81.8,83.3 1 1
github.com/mkuchenbecker/brewery3/brewery/rpi/brewery.go:107.54,109.16 2 3
github.com/mkuchenbecker/brewery3/brewery/rpi/brewery.go:112.2,113.21 2 3
github.com/mkuchenbecker/brewery3/brewery/rpi/brewery.go:109.16,111.3 1 0
github.com/mkuchenbecker/brewery3/brewery/rpi/brewery.go:122.34,123.19 1 27
github.com/mkuchenbecker/brewery3/brewery/rpi/brewery.go:126.2,126.20 1 23
github.com/mkuchenbecker/brewery3/brewery/rpi/brewery.go:129.2,129.10 1 18
github.com/mkuchenbecker/brewery3/brewery/rpi/brewery.go:123.19,125.3 1 4
github.com/mkuchenbecker/brewery3/brewery/rpi/brewery.go:126.20,128.3 1 5
github.com/mkuchenbecker/brewery3/brewery/rpi/brewery.go:133.57,134.41 1 12
github.com/mkuchenbecker/brewery3/brewery/rpi/brewery.go:139.2,139.10 1 3
github.com/mkuchenbecker/brewery3/brewery/rpi/brewery.go:134.41,135.42 1 27
github.com/mkuchenbecker/brewery3/brewery/rpi/brewery.go:135.42,137.4 1 9
github.com/mkuchenbecker/brewery3/brewery/rpi/brewery.go:142.38,144.25 2 19
github.com/mkuchenbecker/brewery3/brewery/rpi/brewery.go:150.2,150.12 1 2
github.com/mkuchenbecker/brewery3/brewery/rpi/brewery.go:144.25,146.17 2 23
github.com/mkuchenbecker/brewery3/brewery/rpi/brewery.go:146.17,148.4 1 17
github.com/mkuchenbecker/brewery3/brewery/rpi/brewery.go:153.35,155.6 2 0
github.com/mkuchenbecker/brewery3/brewery/rpi/brewery.go:155.6,158.17 3 0
github.com/mkuchenbecker/brewery3/brewery/rpi/brewery.go:162.3,162.12 1 0
github.com/mkuchenbecker/brewery3/brewery/rpi/brewery.go:158.17,161.4 2 0
github.com/mkuchenbecker/brewery3/brewery/rpi/brewery.go:166.31,169.21 3 4
github.com/mkuchenbecker/brewery3/brewery/rpi/brewery.go:173.2,174.37 2 4
github.com/mkuchenbecker/brewery3/brewery/rpi/brewery.go:192.2,192.12 1 0
github.com/mkuchenbecker/brewery3/brewery/rpi/brewery.go:169.21,172.3 2 0
github.com/mkuchenbecker/brewery3/brewery/rpi/brewery.go:175.34,177.13 2 1
github.com/mkuchenbecker/brewery3/brewery/rpi/brewery.go:178.34,180.17 2 2
github.com/mkuchenbecker/brewery3/brewery/rpi/brewery.go:184.3,184.10 1 2
github.com/mkuchenbecker/brewery3/brewery/rpi/brewery.go:187.3,187.23 1 1
github.com/mkuchenbecker/brewery3/brewery/rpi/brewery.go:188.35,189.56 1 1
github.com/mkuchenbecker/brewery3/brewery/rpi/brewery.go:190.10,190.10 0 0
github.com/mkuchenbecker/brewery3/brewery/rpi/brewery.go:180.17,183.4 2 0
github.com/mkuchenbecker/brewery3/brewery/rpi/brewery.go:184.10,186.4 1 1
github.com/mkuchenbecker/brewery3/brewery/rpi/brewery.go:195.43,197.16 2 18
github.com/mkuchenbecker/brewery3/brewery/rpi/brewery.go:200.2,200.12 1 18
github.com/mkuchenbecker/brewery3/brewery/rpi/brewery.go:197.16,199.3 1 2
github.com/mkuchenbecker/brewery3/brewery/rpi/brewery.go:203.59,204.20 1 4
github.com/mkuchenbecker/brewery3/brewery/rpi/brewery.go:207.2,207.22 1 3
github.com/mkuchenbecker/brewery3/brewery/rpi/brewery.go:210.2,210.23 1 2
github.com/mkuchenbecker/brewery3/brewery/rpi/brewery.go:213.2,215.94 3 0
github.com/mkuchenbecker/brewery3/brewery/rpi/brewery.go:204.20,206.3 1 1
github.com/mkuchenbecker/brewery3/brewery/rpi/brewery.go:207.22,209.3 1 1
github.com/mkuchenbecker/brewery3/brewery/rpi/brewery.go:210.23,212.3 1 2
github.com/mkuchenbecker/brewery3/brewery/rpi/brewery.go:218.119,224.12 5 4
github.com/mkuchenbecker/brewery3/brewery/rpi/brewery.go:251.2,251.12 1 4
github.com/mkuchenbecker/brewery3/brewery/rpi/brewery.go:257.2,257.17 1 4
github.com/mkuchenbecker/brewery3/brewery/rpi/brewery.go:224.12,225.7 1 4
github.com/mkuchenbecker/brewery3/brewery/rpi/brewery.go:225.7,226.11 1 15
github.com/mkuchenbecker/brewery3/brewery/rpi/brewery.go:227.20,230.19 3 13
github.com/mkuchenbecker/brewery3/brewery/rpi/brewery.go:235.5,238.19 4 12
github.com/mkuchenbecker/brewery3/brewery/rpi/brewery.go:243.16,246.11 3 2
github.com/mkuchenbecker/brewery3/brewery/rpi/brewery.go:230.19,234.6 3 1
github.com/mkuchenbecker/brewery3/brewery/rpi/brewery.go:238.19,242.6 3 1
github.com/mkuchenbecker/brewery3/brewery/rpi/brewery.go:251.12,255.3 3 4
